<?xml version="1.0" encoding="UTF-8"?>
<testsuite xmlns:xsi="http://www.w3.org/2001/XMLSchema-instance" xsi:noNamespaceSchemaLocation="https://maven.apache.org/surefire/maven-surefire-plugin/xsd/surefire-test-report.xsd" name="Test login5" time="51.287" tests="11" errors="0" skipped="0" failures="0">
  <properties>
[...]
</properties>
  <testcase name="Test login5" classname="Test login5" time="0"/>
  <testcase name="user launches &quot;chrome&quot;" classname="Test login5" time="7.402"/>
  <testcase name="user navigate to url &quot;https://www.w3schools.com&quot;" classname="Test login5" time="5.954"/>
  <testcase name="user clicks on &quot;(//*[@title=&apos;Courses&apos;])[2]&quot;" classname="Test login5" time="4.396"/>
  <testcase name="user clicks on &quot;(//*[@title=&apos;Get Your Own Website With W3shools Spaces&apos;])[1]&quot;" classname="Test login5" time="4.782"/>
  <testcase name="user clicks on &quot;//a[@href=&apos;https://www.facebook.com/w3schoolscom/&apos;]&quot;" classname="Test login5" time="5.43"/>
  <testcase name="user switch to window &quot;Courses&quot;" classname="Test login5" time="16.34"/>
  <testcase name="user switch to window &quot;Courses&quot;" classname="Test login5" time="0.447"/>
  <testcase name="user switch to window &quot;Free&quot;" classname="Test login5" time="1.083"/>
  <testcase name="user switch to window &quot;Facebook&quot;" classname="Test login5" time="0.285"/>
  <testcase name="user switch to window &quot;Online&quot;" classname="Test login5" time="0.091"/>
</testsuite>