<?xml version="1.0" encoding="UTF-8"?>
<testsuite xmlns:xsi="http://www.w3.org/2001/XMLSchema-instance" xsi:noNamespaceSchemaLocation="https://maven.apache.org/surefire/maven-surefire-plugin/xsd/surefire-test-report.xsd" name="Test Login2" time="20.482" tests="16" errors="2" skipped="1" failures="0">
  <properties>
[...]
</properties>
  <testcase name="Test Login2" classname="Test Login2" time="0"/>
  <testcase name="Test Login2" classname="Test Login2" time="0"/>
  <testcase name="Test Login2" classname="Test Login2" time="0">
    <error message="invalid selector: Unable to locate an element with the xpath expression English (UK) because of the following error:&#10;SyntaxError: Failed to execute &apos;evaluate&apos; on &apos;Document&apos;: The string &apos;English (UK)&apos; is not a valid XPath expression.&#10;  (Session info: chrome=97.0.4692.99)&#10;For documentation on this error, please visit: https://www.seleniumhq.org/exceptions/invalid_selector_exception.html&#10;Build info: version: &apos;3.141.59&apos;, revision: &apos;e82be7d358&apos;, time: &apos;2018-11-14T08:17:03&apos;&#10;System info: host: &apos;DESKTOP-650TUE6&apos;, ip: &apos;172.24.176.1&apos;, os.name: &apos;Windows 10&apos;, os.arch: &apos;amd64&apos;, os.version: &apos;10.0&apos;, java.version: &apos;1.8.0_202&apos;&#10;Driver info: org.openqa.selenium.chrome.ChromeDriver&#10;Capabilities {acceptInsecureCerts: false, browserName: chrome, browserVersion: 97.0.4692.99, chrome: {chromedriverVersion: 97.0.4692.71 (adefa7837d02a..., userDataDir: C:\Users\Anand\AppData\Loca...}, goog:chromeOptions: {debuggerAddress: localhost:52559}, javascriptEnabled: true, networkConnectionEnabled: false, pageLoadStrategy: normal, platform: WINDOWS, platformName: WINDOWS, proxy: Proxy(), setWindowRect: true, strictFileInteractability: false, timeouts: {implicit: 0, pageLoad: 300000, script: 30000}, unhandledPromptBehavior: dismiss and notify, webauthn:extension:credBlob: true, webauthn:extension:largeBlob: true, webauthn:virtualAuthenticators: true}&#10;Session ID: a44cb05d20d666a27a6c8651deffc5ab&#10;*** Element info: {Using=xpath, value=English (UK)}" type="org.openqa.selenium.InvalidSelectorException">org.openqa.selenium.InvalidSelectorException: 
invalid selector: Unable to locate an element with the xpath expression English (UK) because of the following error:
SyntaxError: Failed to execute 'evaluate' on 'Document': The string 'English (UK)' is not a valid XPath expression.
  (Session info: chrome=97.0.4692.99)
For documentation on this error, please visit: https://www.seleniumhq.org/exceptions/invalid_selector_exception.html
Build info: version: '3.141.59', revision: 'e82be7d358', time: '2018-11-14T08:17:03'
System info: host: 'DESKTOP-650TUE6', ip: '172.24.176.1', os.name: 'Windows 10', os.arch: 'amd64', os.version: '10.0', java.version: '1.8.0_202'
Driver info: org.openqa.selenium.chrome.ChromeDriver
Capabilities {acceptInsecureCerts: false, browserName: chrome, browserVersion: 97.0.4692.99, chrome: {chromedriverVersion: 97.0.4692.71 (adefa7837d02a..., userDataDir: C:\Users\Anand\AppData\Loca...}, goog:chromeOptions: {debuggerAddress: localhost:52559}, javascriptEnabled: true, networkConnectionEnabled: false, pageLoadStrategy: normal, platform: WINDOWS, platformName: WINDOWS, proxy: Proxy(), setWindowRect: true, strictFileInteractability: false, timeouts: {implicit: 0, pageLoad: 300000, script: 30000}, unhandledPromptBehavior: dismiss and notify, webauthn:extension:credBlob: true, webauthn:extension:largeBlob: true, webauthn:virtualAuthenticators: true}
Session ID: a44cb05d20d666a27a6c8651deffc5ab
*** Element info: {Using=xpath, value=English (UK)}
</error>
  </testcase>
  <testcase name="user loads fixture &quot;./src/test/resources/fixtures/login1.xlsx&quot;" classname="Test Login2" time="1.974"/>
  <testcase name="user loads fixture &quot;./src/test/resources/fixtures/login1.xlsx&quot;" classname="Test Login2" time="1.926"/>
  <testcase name="user launches &quot;chrome&quot;" classname="Test Login2" time="7.645"/>
  <testcase name="user launches &quot;chrome&quot;" classname="Test Login2" time="7.434"/>
  <testcase name="user navigate to url &quot;https://www.facebook.com&quot;" classname="Test Login2" time="3.697"/>
  <testcase name="user navigate to url &quot;https://www.facebook.com&quot;" classname="Test Login2" time="3.501"/>
  <testcase name="user enters &quot;#uid&quot; into &quot;//*[@id=&apos;email&apos;]&quot;" classname="Test Login2" time="0.178"/>
  <testcase name="user enters &quot;#uid&quot; into &quot;//*[@id=&apos;email&apos;]&quot;" classname="Test Login2" time="0.235"/>
  <testcase name="user enters &quot;#pwd&quot; into &quot;//*[@id=&apos;pass&apos;]&quot;" classname="Test Login2" time="0.34"/>
  <testcase name="user enters &quot;#pwd&quot; into &quot;//*[@id=&apos;pass&apos;]&quot;" classname="Test Login2" time="0.307"/>
  <testcase name="user clicks on &quot;English (UK)&quot;" classname="Test Login2" time="3.356">
    <error message="invalid selector: Unable to locate an element with the xpath expression English (UK) because of the following error:&#10;SyntaxError: Failed to execute &apos;evaluate&apos; on &apos;Document&apos;: The string &apos;English (UK)&apos; is not a valid XPath expression.&#10;  (Session info: chrome=97.0.4692.99)&#10;For documentation on this error, please visit: https://www.seleniumhq.org/exceptions/invalid_selector_exception.html&#10;Build info: version: &apos;3.141.59&apos;, revision: &apos;e82be7d358&apos;, time: &apos;2018-11-14T08:17:03&apos;&#10;System info: host: &apos;DESKTOP-650TUE6&apos;, ip: &apos;172.24.176.1&apos;, os.name: &apos;Windows 10&apos;, os.arch: &apos;amd64&apos;, os.version: &apos;10.0&apos;, java.version: &apos;1.8.0_202&apos;&#10;Driver info: org.openqa.selenium.chrome.ChromeDriver&#10;Capabilities {acceptInsecureCerts: false, browserName: chrome, browserVersion: 97.0.4692.99, chrome: {chromedriverVersion: 97.0.4692.71 (adefa7837d02a..., userDataDir: C:\Users\Anand\AppData\Loca...}, goog:chromeOptions: {debuggerAddress: localhost:52559}, javascriptEnabled: true, networkConnectionEnabled: false, pageLoadStrategy: normal, platform: WINDOWS, platformName: WINDOWS, proxy: Proxy(), setWindowRect: true, strictFileInteractability: false, timeouts: {implicit: 0, pageLoad: 300000, script: 30000}, unhandledPromptBehavior: dismiss and notify, webauthn:extension:credBlob: true, webauthn:extension:largeBlob: true, webauthn:virtualAuthenticators: true}&#10;Session ID: a44cb05d20d666a27a6c8651deffc5ab&#10;*** Element info: {Using=xpath, value=English (UK)}" type="org.openqa.selenium.InvalidSelectorException">org.openqa.selenium.InvalidSelectorException: 
invalid selector: Unable to locate an element with the xpath expression English (UK) because of the following error:
SyntaxError: Failed to execute 'evaluate' on 'Document': The string 'English (UK)' is not a valid XPath expression.
  (Session info: chrome=97.0.4692.99)
For documentation on this error, please visit: https://www.seleniumhq.org/exceptions/invalid_selector_exception.html
Build info: version: '3.141.59', revision: 'e82be7d358', time: '2018-11-14T08:17:03'
System info: host: 'DESKTOP-650TUE6', ip: '172.24.176.1', os.name: 'Windows 10', os.arch: 'amd64', os.version: '10.0', java.version: '1.8.0_202'
Driver info: org.openqa.selenium.chrome.ChromeDriver
Capabilities {acceptInsecureCerts: false, browserName: chrome, browserVersion: 97.0.4692.99, chrome: {chromedriverVersion: 97.0.4692.71 (adefa7837d02a..., userDataDir: C:\Users\Anand\AppData\Loca...}, goog:chromeOptions: {debuggerAddress: localhost:52559}, javascriptEnabled: true, networkConnectionEnabled: false, pageLoadStrategy: normal, platform: WINDOWS, platformName: WINDOWS, proxy: Proxy(), setWindowRect: true, strictFileInteractability: false, timeouts: {implicit: 0, pageLoad: 300000, script: 30000}, unhandledPromptBehavior: dismiss and notify, webauthn:extension:credBlob: true, webauthn:extension:largeBlob: true, webauthn:virtualAuthenticators: true}
Session ID: a44cb05d20d666a27a6c8651deffc5ab
*** Element info: {Using=xpath, value=English (UK)}
</error>
  </testcase>
  <testcase name="user captures &quot;//*[@class=&apos;_8eso&apos;]&quot; into &quot;#NewData&quot;" classname="Test Login2" time="0.25"/>
  <testcase name="user captures &quot;//*[@class=&apos;_8eso&apos;]&quot; into &quot;#NewData&quot;" classname="Test Login2" time="0">
    <skipped message="This step is skipped"/>
  </testcase>
</testsuite>