<?xml version="1.0" encoding="UTF-8"?>
<testsuite xmlns:xsi="http://www.w3.org/2001/XMLSchema-instance" xsi:noNamespaceSchemaLocation="https://maven.apache.org/surefire/maven-surefire-plugin/xsd/surefire-test-report.xsd" name="Test Login2" time="60.718" tests="4" errors="0" skipped="0" failures="0">
  <properties>
[...]
</properties>
  <testcase name="Test Login2" classname="Test Login2" time="0"/>
  <testcase name="user launches &quot;chrome&quot;" classname="Test Login2" time="18.699"/>
  <testcase name="user navigate to url &quot;https://www.facebook.com&quot;" classname="Test Login2" time="18.607"/>
  <testcase name="user clicks on &quot;English (UK)&quot;" classname="Test Login2" time="22.496"/>
</testsuite>